<?xml version="1.0" encoding="UTF-8"?>
<!-- Generated by org.testng.reporters.JUnitXMLReporter -->
<testsuite ignored="0" hostname="DESKTOP-4PMVKQT" failures="0" tests="3" name="Default test" time="121.631" errors="0" timestamp="2022-07-09T03:08:39 PDT">
  <testcase classname="com.Test.Test_001" name="verifytest001" time="19.326"/>
  <testcase classname="com.Test.Test_001" name="verifytest002" time="12.284"/>
  <testcase classname="com.Test.Test_001" name="verifytest003" time="12.94"/>
</testsuite> <!-- Default test -->
