<?xml version="1.0" encoding="UTF-8"?>
<!-- Generated by org.testng.reporters.JUnitXMLReporter -->
<testsuite ignored="0" hostname="DESKTOP-4PMVKQT" failures="0" tests="3" name="Test001" time="6.727" errors="0" timestamp="2022-07-09T01:28:31 PDT">
  <testcase classname="com.utility.Baseclass" name="@BeforeMethod setup" time="6.535">
    <failure type="java.lang.NullPointerException" message="Cannot invoke &amp;quot;com.utility.configdataprovider.getstageurl()&amp;quot; because &amp;quot;this.config&amp;quot; is null">
      <![CDATA[java.lang.NullPointerException: Cannot invoke "com.utility.configdataprovider.getstageurl()" because "this.config" is null
at com.utility.Baseclass.setup(Baseclass.java:43)
at java.base/java.util.ArrayList.forEach(ArrayList.java:1511)
... Removed 31 stack frames]]>
    </failure>
  </testcase> <!-- @BeforeMethod setup -->
  <testcase classname="com.utility.Baseclass" name="@AfterMethod teardown" time="-1.65735531099E9">
    <skipped/>
  </testcase> <!-- @AfterMethod teardown -->
  <testcase classname="com.utility.Baseclass" name="@BeforeMethod setup" time="-1.657355311016E9">
    <skipped/>
  </testcase> <!-- @BeforeMethod setup -->
  <testcase classname="com.utility.Baseclass" name="@AfterMethod teardown" time="-1.657355311026E9">
    <skipped/>
  </testcase> <!-- @AfterMethod teardown -->
  <testcase classname="com.utility.Baseclass" name="@BeforeMethod setup" time="-1.657355311033E9">
    <skipped/>
  </testcase> <!-- @BeforeMethod setup -->
  <testcase classname="com.utility.Baseclass" name="@AfterMethod teardown" time="-1.657355311043E9">
    <skipped/>
  </testcase> <!-- @AfterMethod teardown -->
  <testcase classname="com.Test.Test_001" name="verifytest001" time="0.0">
    <skipped/>
  </testcase> <!-- verifytest001 -->
  <testcase classname="com.Test.Test_001" name="verifytest002" time="0.0">
    <skipped/>
  </testcase> <!-- verifytest002 -->
  <testcase classname="com.Test.Test_001" name="verifytest003" time="0.0">
    <skipped/>
  </testcase> <!-- verifytest003 -->
</testsuite> <!-- Test001 -->
