<?xml version="1.0" encoding="UTF-8"?>
<!-- Generated by org.testng.reporters.JUnitXMLReporter -->
<testsuite ignored="0" hostname="DESKTOP-4PMVKQT" failures="0" tests="3" name="Test" time="65.914" errors="0" timestamp="2022-07-10T02:41:03 PDT">
  <testcase classname="com.Test.Test_001" name="verifytest001" time="13.186"/>
  <testcase classname="com.Test.Test_001" name="verifytest002" time="13.17"/>
  <testcase classname="com.Test.Test_001" name="verifytest003" time="12.169"/>
</testsuite> <!-- Test -->
