<?xml version="1.0" encoding="UTF-8"?>
<testng-results ignored="0" total="3" passed="3" failed="0" skipped="0">
  <reporter-output>
  </reporter-output>
  <suite started-at="2022-07-10T02:39:57 PDT" name="Suite" finished-at="2022-07-10T02:41:03 PDT" duration-ms="65914">
    <groups>
    </groups>
    <test started-at="2022-07-10T02:39:57 PDT" name="Test" finished-at="2022-07-10T02:41:03 PDT" duration-ms="65914">
      <class name="com.Test.Test_001">
        <test-method is-config="true" signature="BS()[pri:0, instance:com.Test.Test_001@6c284af]" started-at="2022-07-10T02:39:54 PDT" name="BS" finished-at="2022-07-10T02:39:57 PDT" duration-ms="2477" status="PASS">
          <reporter-output>
          </reporter-output>
        </test-method> <!-- BS -->
        <test-method is-config="true" signature="setup()[pri:0, instance:com.Test.Test_001@6c284af]" started-at="2022-07-10T02:39:57 PDT" name="setup" finished-at="2022-07-10T02:40:11 PDT" duration-ms="13828" status="PASS">
          <reporter-output>
          </reporter-output>
        </test-method> <!-- setup -->
        <test-method signature="verifytest001()[pri:0, instance:com.Test.Test_001@6c284af]" started-at="2022-07-10T02:40:11 PDT" name="verifytest001" finished-at="2022-07-10T02:40:24 PDT" duration-ms="13186" status="PASS">
          <reporter-output>
          </reporter-output>
        </test-method> <!-- verifytest001 -->
        <test-method is-config="true" signature="teardown()[pri:0, instance:com.Test.Test_001@6c284af]" started-at="2022-07-10T02:40:24 PDT" name="teardown" finished-at="2022-07-10T02:40:26 PDT" duration-ms="2251" status="PASS">
          <reporter-output>
          </reporter-output>
        </test-method> <!-- teardown -->
        <test-method is-config="true" signature="setup()[pri:0, instance:com.Test.Test_001@6c284af]" started-at="2022-07-10T02:40:26 PDT" name="setup" finished-at="2022-07-10T02:40:30 PDT" duration-ms="4133" status="PASS">
          <reporter-output>
          </reporter-output>
        </test-method> <!-- setup -->
        <test-method signature="verifytest002()[pri:0, instance:com.Test.Test_001@6c284af]" started-at="2022-07-10T02:40:30 PDT" name="verifytest002" finished-at="2022-07-10T02:40:44 PDT" duration-ms="13170" status="PASS">
          <reporter-output>
          </reporter-output>
        </test-method> <!-- verifytest002 -->
        <test-method is-config="true" signature="teardown()[pri:0, instance:com.Test.Test_001@6c284af]" started-at="2022-07-10T02:40:44 PDT" name="teardown" finished-at="2022-07-10T02:40:46 PDT" duration-ms="2131" status="PASS">
          <reporter-output>
          </reporter-output>
        </test-method> <!-- teardown -->
        <test-method is-config="true" signature="setup()[pri:0, instance:com.Test.Test_001@6c284af]" started-at="2022-07-10T02:40:46 PDT" name="setup" finished-at="2022-07-10T02:40:50 PDT" duration-ms="4725" status="PASS">
          <reporter-output>
          </reporter-output>
        </test-method> <!-- setup -->
        <test-method signature="verifytest003()[pri:0, instance:com.Test.Test_001@6c284af]" started-at="2022-07-10T02:40:50 PDT" name="verifytest003" finished-at="2022-07-10T02:41:03 PDT" duration-ms="12169" status="PASS">
          <reporter-output>
          </reporter-output>
        </test-method> <!-- verifytest003 -->
        <test-method is-config="true" signature="teardown()[pri:0, instance:com.Test.Test_001@6c284af]" started-at="2022-07-10T02:41:03 PDT" name="teardown" finished-at="2022-07-10T02:41:03 PDT" duration-ms="213" status="PASS">
          <reporter-output>
          </reporter-output>
        </test-method> <!-- teardown -->
      </class> <!-- com.Test.Test_001 -->
    </test> <!-- Test -->
  </suite> <!-- Suite -->
</testng-results>
